Arguments: 
  C:\Program Files\nodejs\node.exe C:\Program Files (x86)\Yarn\bin\yarn.js install --save mongodb

PATH: 
  C:\Users\oleg\AppData\Local\Programs\Git\mingw64\bin;C:\Users\oleg\AppData\Local\Programs\Git\usr\bin;C:\Users\oleg\bin;C:\Program Files (x86)\Common Files\Oracle\Java\javapath;C:\WINDOWS\system32;C:\WINDOWS;C:\WINDOWS\System32\Wbem;C:\WINDOWS\System32\WindowsPowerShell\v1.0;C:\WINDOWS\System32\OpenSSH;C:\Program Files (x86)\Yarn\bin;C:\Program Files (x86)\Microsoft SQL Server\150\DTS\Binn;C:\Program Files\Azure Data Studio\bin;C:\Program Files\Microsoft SQL Server\Client SDK\ODBC\130\Tools\Binn;C:\Program Files (x86)\Microsoft SQL Server\140\Tools\Binn;C:\Program Files\Microsoft SQL Server\140\Tools\Binn;C:\Program Files\Microsoft SQL Server\140\DTS\Binn;C:\Program Files\TortoiseGit\bin;C:\Program Files\Docker\Docker\resources\bin;C:\ProgramData\DockerDesktop\version-bin;C:\Program Files\Microsoft\Web Platform Installer;C:\Program Files (x86)\NVIDIA Corporation\PhysX\Common;C:\Program Files\NVIDIA Corporation\NVIDIA NvDLISR;C:\Program Files\nodejs;C:\Users\oleg\AppData\Local\Microsoft\WindowsApps;C:\Users\oleg\AppData\Local\Yarn\bin;C:\Users\oleg\AppData\Local\Programs\Microsoft VS Code\bin;C:\Users\oleg\AppData\Local\Programs\Git\cmd;C:\altera\13.0sp1\modelsim_ase\win32aloem;D:\PHP;C:\Users\oleg\AppData\Roaming\npm;D:\MongoDB\bin

Yarn version: 
  1.22.5

Node version: 
  14.15.4

Platform: 
  win32 x64

Trace: 
  SyntaxError: C:\Users\oleg\Desktop\projects\my\ecapi\package.json: Unexpected token M in JSON at position 174
      at JSON.parse (<anonymous>)
      at C:\Program Files (x86)\Yarn\lib\cli.js:1625:59
      at Generator.next (<anonymous>)
      at step (C:\Program Files (x86)\Yarn\lib\cli.js:310:30)
      at C:\Program Files (x86)\Yarn\lib\cli.js:321:13

npm manifest: 
  {
    "name": "ecapi",
    "version": "1.0.0",
    "description": "ecommerce api",
    "main": "app.js",
    "scripts": {
      "start": "nodemon app.ts",
      "start_db": "mongod -f 'D:\MongoDB\mongod.cfg'",
      "build": "tsc --project ./"
    },
    "repository": {
      "type": "git",
      "url": "git+https://github.com/xlegoleg/ecapi.git"
    },
    "author": "Oleg Kurganov (xlegoleg)",
    "license": "ISC",
    "bugs": {
      "url": "https://github.com/xlegoleg/ecapi/issues"
    },
    "homepage": "https://github.com/xlegoleg/ecapi#readme",
    "devDependencies": {
      "@types/express": "^4.17.11",
      "@types/node": "^14.14.22",
      "nodemon": "^2.0.7",
      "ts-node": "^9.1.1",
      "typescript": "^4.1.3"
    },
    "dependencies": {
      "express": "^4.17.1",
      "mongoose": "^5.11.14"
    }
  }

yarn manifest: 
  No manifest

Lockfile: 
  No lockfile
